Build started 06/12/2018 13.48.59.
     1>Project "C:\Users\LENOVO\Documents\Visual Studio 2010\Projects\Stack_Struktur_Data\Stack_Struktur_Data\Stack_Struktur_Data.vcxproj" on node 2 (rebuild target(s)).
     1>_PrepareForClean:
         Deleting file "Debug\Stack_Struktur_Data.lastbuildstate".
       InitializeBuildStatus:
         Touching "Debug\Stack_Struktur_Data.unsuccessfulbuild".
       ClCompile:
         C:\Program Files (x86)\Microsoft Visual Studio 10.0\VC\bin\CL.exe /c /ZI /nologo /W3 /WX- /Od /Oy- /D _MBCS /Gm /EHsc /RTC1 /MDd /GS /fp:precise /Zc:wchar_t /Zc:forScope /Fo"Debug\\" /Fd"Debug\vc100.pdb" /Gd /TP /analyze- /errorReport:prompt Stack.cpp
         Stack.cpp
       Link:
         C:\Program Files (x86)\Microsoft Visual Studio 10.0\VC\bin\link.exe /ERRORREPORT:PROMPT /OUT:"C:\Users\LENOVO\Documents\Visual Studio 2010\Projects\Stack_Struktur_Data\Debug\Stack_Struktur_Data.exe" /NOLOGO kernel32.lib user32.lib gdi32.lib winspool.lib comdlg32.lib advapi32.lib shell32.lib ole32.lib oleaut32.lib uuid.lib odbc32.lib odbccp32.lib /MANIFEST /ManifestFile:"Debug\Stack_Struktur_Data.exe.intermediate.manifest" /MANIFESTUAC:"level='asInvoker' uiAccess='false'" /DEBUG /PDB:"C:\Users\LENOVO\Documents\Visual Studio 2010\Projects\Stack_Struktur_Data\Debug\Stack_Struktur_Data.pdb" /TLBID:1 /DYNAMICBASE /NXCOMPAT /IMPLIB:"C:\Users\LENOVO\Documents\Visual Studio 2010\Projects\Stack_Struktur_Data\Debug\Stack_Struktur_Data.lib" /MACHINE:X86 Debug\Stack.obj
         Stack_Struktur_Data.vcxproj -> C:\Users\LENOVO\Documents\Visual Studio 2010\Projects\Stack_Struktur_Data\Debug\Stack_Struktur_Data.exe
       Manifest:
         C:\Program Files (x86)\Microsoft SDKs\Windows\v7.0A\bin\mt.exe /nologo /verbose /outputresource:"C:\Users\LENOVO\Documents\Visual Studio 2010\Projects\Stack_Struktur_Data\Debug\Stack_Struktur_Data.exe;#1" /manifest Debug\Stack_Struktur_Data.exe.intermediate.manifest
       FinalizeBuildStatus:
         Deleting file "Debug\Stack_Struktur_Data.unsuccessfulbuild".
         Touching "Debug\Stack_Struktur_Data.lastbuildstate".
     1>Done Building Project "C:\Users\LENOVO\Documents\Visual Studio 2010\Projects\Stack_Struktur_Data\Stack_Struktur_Data\Stack_Struktur_Data.vcxproj" (rebuild target(s)).

Build succeeded.

Time Elapsed 00:00:01.16
